0x05,0x01,                //Usage_Page(Generic_Desktop_ID),                           ; Generic desktop controls (01h)
0x09,0x04,                //Usage(Joystick_ID),                               ; Joystick (04h, application collection)
0xa1,0x01,                //Collection(Clc_Application),
0x05,0x09,                //    Usage_Page(Button_ID),                        ; Button (09h)
0x19,0x01,                //    Usage_Minimum(01),
0x29,0x10,                //    Usage_Maximum(16),
0x15,0x00,                //    Logical_Minimum(0),
0x25,0x01,                //    Logical_Maximum(1),
0x35,0x00,                //    Physical_Minimum(0),
0x45,0x01,                //    Physical_Maximum(1),
0x75,0x01,                //    Report_Size(1),
0x95,0x10,                //    Report_Count(16),
0x81,0x02,                //    Input(IOF_Variable),
0x05,0x01,                //    Usage_Page(Generic_Desktop_ID),                       ; Generic desktop controls (01h)
0x09,0x39,                //    Usage(Hat_Switch_ID),                         ; Hat switch (39h, dynamic value)
0x15,0x00,                //    Logical_Minimum(0),
0x25,0x07,                //    Logical_Maximum(7),
0x35,0x00,                //    Physical_Minimum(0),
0x46,0x3b,0x01,           //    Physical_Maximum(315),
0x65,0x14,                //    Unit(Eng_Rot_Angular_Pos),
0x75,0x04,                //    Report_Size(4),
0x95,0x01,                //    Report_Count(1),
0x81,0x02,                //    Input(IOF_Variable),
0x81,0x03,                //    Input(IOF_ConstVar),
0x05,0x01,                //    Usage_Page(Generic_Desktop_ID),                       ; Generic desktop controls (01h)
0x09,0x30,                //    Usage(X_ID),                                  ; X (30h, dynamic value)
0x16,0x48,0xf4,           //    Logical_Minimum(-3000),
0x26,0x70,0x17,           //    Logical_Maximum(6000),
0x36,0x48,0xf4,           //    Physical_Minimum(-3000),
0x46,0x70,0x17,           //    Physical_Maximum(6000),
0x65,0x00,                //    Unit(Unit_None),
0x75,0x0e,                //    Report_Size(14),
0x95,0x01,                //    Report_Count(1),
0x81,0x02,                //    Input(IOF_Variable),
0x75,0x02,                //    Report_Size(2),
0x81,0x03,                //    Input(IOF_ConstVar),
0x09,0x31,                //    Usage(Y_ID),                                  ; Y (31h, dynamic value)
0x75,0x0e,                //    Report_Size(14),
0x81,0x02,                //    Input(IOF_Variable),
0x75,0x02,                //    Report_Size(2),
0x81,0x03,                //    Input(IOF_ConstVar),
0x09,0x35,                //    Usage(Rz_ID),                                 ; Rz (35h, dynamic value)
0x09,0x36,                //    Usage(Slider_ID),                             ; Slider (36h, dynamic value)
0x15,0x00,                //    Logical_Minimum(0),
0x26,0xff,0x00,           //    Logical_Maximum(255),
0x35,0x00,                //    Physical_Minimum(0),
0x46,0xff,0x00,           //    Physical_Maximum(255),
0x65,0x00,                //    Unit(Unit_None),
0x75,0x08,                //    Report_Size(8),
0x95,0x02,                //    Report_Count(2),
0x81,0x02,                //    Input(IOF_Variable),
0x09,0x32,                //   Usage(Z_ID), // Pressure...
0x15,0x00,                //   Logical_Minimum(0),
0x26,0x2c,0x01,           //   Logical_Maximum(300),
0x35,0x00,                //   Physical_Minimum(0),
0x46,0x2c,0x01,           //   Physical_Maximum(300),
0x65,0x00,                //   Unit(Unit_None),
0x75,0x10,                //   Report_Size(16),
0x95,0x01,                //   Report_Count(1),
0x91,0x02,                //   Output(IOF_Variable),
0x05,0x09,                //   Usage_Page(Button_ID),                        ; Button (09h)
0x19,0x01,                //   Usage_Minimum(1),
0x29,0x08,                //   Usage_Maximum(8),
0x15,0x00,                //   Logical_Minimum(0),
0x25,0x01,                //   Logical_Maximum(1),
0x35,0x00,                //   Physical_Minimum(0),
0x45,0x01,                //   Physical_Maximum(1),
0x75,0x01,                //   Report_Size(1),
0x95,0x08,                //   Report_Count(8),
0x91,0x02,                //   Output(IOF_Variable),
0xc0,                     //End_Collection()
//Total:150 Bytes